<?xml version="1.0" encoding="UTF-8"?>
<testng-results ignored="0" total="1" passed="1" failed="0" skipped="0">
  <reporter-output>
  </reporter-output>
  <suite started-at="2020-02-07T23:28:51Z" name="MercuryTours" finished-at="2020-02-07T23:29:30Z" duration-ms="38524">
    <groups>
    </groups>
    <test started-at="2020-02-07T23:28:51Z" name="Mercury Tours Test" finished-at="2020-02-07T23:29:30Z" duration-ms="38524">
      <class name="com.mercury_tours.testCases.TC_BookFlight_005">
        <test-method is-config="true" signature="setup(java.lang.String)[pri:0, instance:com.mercury_tours.testCases.TC_BookFlight_005@7ea37dbf]" started-at="2020-02-07T23:28:52Z" name="setup" finished-at="2020-02-07T23:29:03Z" duration-ms="11100" status="PASS">
          <params>
            <param index="0">
              <value>
                <![CDATA[chrome]]>
              </value>
            </param>
          </params>
          <reporter-output>
          </reporter-output>
        </test-method> <!-- setup -->
        <test-method signature="bookFlight()[pri:0, instance:com.mercury_tours.testCases.TC_BookFlight_005@7ea37dbf]" started-at="2020-02-07T23:29:03Z" name="bookFlight" finished-at="2020-02-07T23:29:29Z" duration-ms="26431" status="PASS">
          <reporter-output>
          </reporter-output>
        </test-method> <!-- bookFlight -->
        <test-method is-config="true" signature="tearDown()[pri:0, instance:com.mercury_tours.testCases.TC_BookFlight_005@7ea37dbf]" started-at="2020-02-07T23:29:29Z" name="tearDown" finished-at="2020-02-07T23:29:30Z" duration-ms="685" status="PASS">
          <reporter-output>
          </reporter-output>
        </test-method> <!-- tearDown -->
      </class> <!-- com.mercury_tours.testCases.TC_BookFlight_005 -->
    </test> <!-- Mercury Tours Test -->
  </suite> <!-- MercuryTours -->
</testng-results>
