<?xml version="1.0" encoding="UTF-8"?>
<!-- Generated by org.testng.reporters.JUnitXMLReporter -->
<testsuite ignored="0" hostname="LAPTOP-M7L5P8KB" failures="0" tests="8" name="Mercury Tours Test" time="101.555" errors="0" timestamp="07 Feb 2020 00:28:26 GMT">
  <testcase classname="com.mercury_tours.testCases.TC_SignOnDDT_002" name="SignOnDDT" time="4.729"/>
  <testcase classname="com.mercury_tours.testCases.TC_SignOnDDT_002" name="SignOnDDT" time="4.224"/>
  <testcase classname="com.mercury_tours.testCases.TC_SignOnDDT_002" name="SignOnDDT" time="4.119"/>
  <testcase classname="com.mercury_tours.testCases.TC_SignOnDDT_002" name="SignOnDDT" time="10.052"/>
  <testcase classname="com.mercury_tours.testCases.TC_SignOnDDT_002" name="SignOnDDT" time="4.543"/>
  <testcase classname="com.mercury_tours.testCases.TC_SignOnDDT_002" name="SignOnDDT" time="4.202"/>
  <testcase classname="com.mercury_tours.testCases.TC_Register_004" name="registerDDT" time="7.679"/>
  <testcase classname="com.mercury_tours.testCases.TC_BookFlight_005" name="bookFlight" time="26.023"/>
</testsuite> <!-- Mercury Tours Test -->
